started_utc=2026-06-17T18:20:06Z
cwd=/Users/domininclynch/Desktop/Business/V5 Memo
git_head=48947cd
output_path=docs/review-memos/v5-memo-2026-06-17-182006-guidance-granularity-analyst-response.md
command=PYTHONPATH=src python3 -m v5_memo --searcher smart --topic 'earnings guidance granularity and analyst forecast response' --query 'stopping quarterly earnings guidance analyst forecast errors coverage' --query 'disaggregating earnings guidance analyst revisions disagreement' --query 'to guide or not to guide stopping quarterly earnings guidance'
ended_utc=2026-06-17T18:21:22Z
status=0
elapsed_seconds=76
stdout_bytes=3173
stdout_sha256=591ee769f5aa1a7b87b3d8f31d087b4e4468fcdce590dadc8783f0c140995739
stderr_bytes=0
stderr_begin
stderr_end
stdout_preview_begin
# Alpha memo: earnings guidance granularity and analyst forecast response

## Core signal
Receipt 2 (10.1111/1911-3846.12895) shows that when managers stop quarterly earnings guidance, the market reaction to analyst recommendation revisions *increases*. The amplification is stronger when the prior guidance was **disaggregated** and when information environments are **opaque**, and it reverses if guidance is later resumed. Receipt 1 (10.1111/j.1911-3846.2010.01005.x) adds that stoppers tend to be firms with poor operating performance, and that analyst forecast errors, dispersion, and coverage worsen post-stop — i.e., a thinner informational environment around the firm at the moment analyst signals get louder.

## The 2+2=5 angle
Granularity and direction can cut in opposite ways. Cutting *granularity* (stopping disaggregated guidance) reduces one forward-looking channel, yet the *direction* of analyst reaction turns more positive on the margin. Same disclosure event, opposite sign on the response function. The bridging idea is that the forward-looking content removed from managers is partially substituted by analysts, and the substitution is larger when the removed content was more granular and when opacity was high. That is a hypothesis, because the two receipts study different samples and do not jointly estimate the substitution.

## Why this could matter
- For event-study framing: a guidance-stoppage event should not be read as uniformly negative just because Receipt 1 flags troubled stoppers; Receipt 2 implies recommendation-revision reactions can be *more* informative post-stop, especially for previously disaggregated guiders.
- For sell-side coverage strategy: firms that previously published disaggregated quarterly guidance are a candidate segment where post-stop analyst revisions may carry abnormal price impact.
- For disclosure-policy read-through: ceasing forward-looking guidance may reduce one forward channel while increasing the value of the remaining analyst channel — a potential net redistribution rather than a net loss.

## What would break the idea
- Receipt 1 documents increased forecast errors, dispersion, and decreased coverage after stoppage, which contradicts a simple "analysts fully substitute" story.
- The stoppage-firm selection (poor operating performance) in Receipt 1 means cross-sectional comparisons can confound firm health with disclosure regime.
- Receipt 2 finds reversal upon guidance resumption, so the effect is regime-dependent and unlikely to be a permanent alpha source.

## Receipts
- 10.1111/j.1911-3846.2010.01005.x — 2010, *Contemporary Accounting Research*: causes and consequences of stopping quarterly earnings guidance.
- 10.1111/1911-3846.12895 — 2023, *Contemporary Accounting Research*: earnings guidance stoppage and the value of analysts' research.

## Safety note
This memo synthesizes two observational accounting studies with different samples and periods; any trading thesis requires its own receipt-specific test of the granularity × direction interaction, and the conflicting evidence on forecast errors vs. revision informativeness must be reconciled before sizing.

stdout_preview_end
